[INFO] application 2023-08-26 14:29:57,902 - 192.168.208.1 未ログイン GET /api/health/ 実行時間: 0:00:00.002328 200  
[WARNING] application 2023-08-26 14:29:58,267 - 192.168.208.1 未ログイン GET /favicon.ico 実行時間: 0:00:00.017299 404 
<!DOCTYPE html>
<html lang="en">
<head>
  <meta http-equiv="content-type" content="text/html; charset=utf-8">
  <title>Page not found at /favicon.ico</title>
  <meta name="robots" content="NONE,NOARCHIVE">
  <style type="text/css">
    html * { padding:0; margin:0; }
    body * { padding:10px 20px; }
    body * * { padding:0; }
    body { font:small sans-serif; background:#eee; color:#000; }
    body>div { border-bottom:1px solid #ddd; }
    h1 { font-weight:normal; margin-bottom:.4em; }
    h1 span { font-size:60%; color:#666; font-weight:normal; }
    table { border:none; border-collapse: collapse; width:100%; }
    td, th { vertical-align:top; padding:2px 3px; }
    th { width:12em; text-align:right; color:#666; padding-right:.5em; }
    #info { background:#f6f6f6; }
    #info ol { margin: 0.5em 4em; }
    #info ol li { font-family: monospace; }
    #summary { background: #ffc; }
    #explanation { background:#eee; border-bottom: 0px none; }
    pre.exception_value { font-family: sans-serif; color: #575757; font-size: 1.5em; margin: 10px 0 10px 0; }
  </style>
</head>
<body>
  <div id="summary">
    <h1>Page not found <span>(404)</span></h1>
    
    <table class="meta">
      <tr>
        <th>Request Method:</th>
        <td>GET</td>
      </tr>
      <tr>
        <th>Request URL:</th>
        <td>http://127.0.0.1:8000/favicon.ico</td>
      </tr>
      
    </table>
  </div>
  <div id="info">
    
      <p>
      Using the URLconf defined in <code>project.urls.local</code>,
      Django tried these URL patterns, in this order:
      </p>
      <ol>
        
          <li>
            
                admin/
                
            
          </li>
        
          <li>
            
                api/
                
            
          </li>
        
          <li>
            
                api/schema/
                [name='schema']
            
          </li>
        
          <li>
            
                api/docs/
                [name='swagger-ui']
            
          </li>
        
          <li>
            
                api/redoc/
                [name='redoc']
            
          </li>
        
      </ol>
      <p>
        
          The current path, <code>favicon.ico</code>,
        
        didn’t match any of these.
      </p>
    
  </div>

  <div id="explanation">
    <p>
      You’re seeing this error because you have <code>DEBUG = True</code> in
      your Django settings file. Change that to <code>False</code>, and Django
      will display a standard 404 page.
    </p>
  </div>
</body>
</html>
 
[INFO] application 2023-08-26 14:30:12,081 - 192.168.208.1 未ログイン GET /api/health/ 実行時間: 0:00:00.000629 200  
